sdk-simplevideowidget/build/outputs/logs/manifest-merger-debug-report.txt
-- Merging decision tree log ---
manifest
ADDED from src/main/AndroidManifest.xml:2:1-29:12
INJECTED from src/main/AndroidManifest.xml:2:1-29:12
INJECTED from src/main/AndroidManifest.xml:2:1-29:12
INJECTED from src/main/AndroidManifest.xml:2:1-29:12
MERGED from [com.google.vr:sdk-videowidget:1.101.0] AndroidManifest.xml:2:1-9:12
MERGED from [com.android.support:support-core-utils:25.2.0] AndroidManifest.xml:17:1-27:12
MERGED from [com.android.support:support-compat:25.2.0] AndroidManifest.xml:17:1-27:12
MERGED from [com.google.vr:sdk-commonwidget:1.101.0] AndroidManifest.xml:2:1-9:12
MERGED from [com.google.vr:sdk-common:1.101.0] AndroidManifest.xml:2:1-9:12
INJECTED from src/main/AndroidManifest.xml:2:1-29:12
INJECTED from src/main/AndroidManifest.xml:2:1-29:12
INJECTED from src/main/AndroidManifest.xml:2:1-29:12
	package
		ADDED from src/main/AndroidManifest.xml:3:7-60
		INJECTED from src/main/AndroidManifest.xml
		INJECTED from src/main/AndroidManifest.xml
	android:versionName
		ADDED from src/main/AndroidManifest.xml:5:7-36
		INJECTED from src/main/AndroidManifest.xml
		INJECTED from src/main/AndroidManifest.xml
	xmlns:android
		ADDED from src/main/AndroidManifest.xml:2:11-69
	android:versionCode
		ADDED from src/main/AndroidManifest.xml:4:7-38
		INJECTED from src/main/AndroidManifest.xml
		INJECTED from src/main/AndroidManifest.xml
uses-sdk
ADDED from src/main/AndroidManifest.xml:7:5-74
INJECTED from src/main/AndroidManifest.xml:7:5-74
INJECTED from src/main/AndroidManifest.xml:7:5-74
MERGED from [com.google.vr:sdk-videowidget:1.101.0] AndroidManifest.xml:5:5-7:41
MERGED from [com.google.vr:sdk-videowidget:1.101.0] AndroidManifest.xml:5:5-7:41
MERGED from [com.android.support:support-core-utils:25.2.0] AndroidManifest.xml:21:5-23:61
MERGED from [com.android.support:support-core-utils:25.2.0] AndroidManifest.xml:21:5-23:61
MERGED from [com.android.support:support-compat:25.2.0] AndroidManifest.xml:21:5-23:58
MERGED from [com.android.support:support-compat:25.2.0] AndroidManifest.xml:21:5-23:58
MERGED from [com.google.vr:sdk-commonwidget:1.101.0] AndroidManifest.xml:5:5-7:41
MERGED from [com.google.vr:sdk-commonwidget:1.101.0] AndroidManifest.xml:5:5-7:41
MERGED from [com.google.vr:sdk-common:1.101.0] AndroidManifest.xml:5:5-7:41
MERGED from [com.google.vr:sdk-common:1.101.0] AndroidManifest.xml:5:5-7:41
INJECTED from src/main/AndroidManifest.xml:7:5-74
INJECTED from src/main/AndroidManifest.xml:7:5-74
	tools:overrideLibrary
		ADDED from [com.android.support:support-core-utils:25.2.0] AndroidManifest.xml:23:9-58
	android:targetSdkVersion
		ADDED from src/main/AndroidManifest.xml:7:42-71
		INJECTED from src/main/AndroidManifest.xml
		INJECTED from src/main/AndroidManifest.xml
	android:minSdkVersion
		ADDED from src/main/AndroidManifest.xml:7:15-41
		INJECTED from src/main/AndroidManifest.xml
		INJECTED from src/main/AndroidManifest.xml
uses-feature#0x00020000
ADDED from src/main/AndroidManifest.xml:8:5-78
	android:glEsVersion
		ADDED from src/main/AndroidManifest.xml:8:19-51
	android:required
		ADDED from src/main/AndroidManifest.xml:8:52-75
application
ADDED from src/main/AndroidManifest.xml:11:5-24:19
MERGED from [com.android.support:support-core-utils:25.2.0] AndroidManifest.xml:25:5-20
MERGED from [com.android.support:support-core-utils:25.2.0] AndroidManifest.xml:25:5-20
MERGED from [com.android.support:support-compat:25.2.0] AndroidManifest.xml:25:5-20
MERGED from [com.android.support:support-compat:25.2.0] AndroidManifest.xml:25:5-20
	android:label
		ADDED from src/main/AndroidManifest.xml:11:18-55
	android:largeHeap
		ADDED from src/main/AndroidManifest.xml:12:7-31
	android:theme
		ADDED from src/main/AndroidManifest.xml:13:7-54
activity#com.google.vr.sdk.samples.simplevideowidget.SimpleVrVideoActivity
ADDED from src/main/AndroidManifest.xml:15:9-23:20
	android:launchMode
		ADDED from src/main/AndroidManifest.xml:16:11-42
	android:name
		ADDED from src/main/AndroidManifest.xml:15:19-56
intent-filter#android.intent.action.MAIN+android.intent.category.LAUNCHER+com.google.intent.category.CARDBOARD
ADDED from src/main/AndroidManifest.xml:17:13-22:29
action#android.intent.action.MAIN
ADDED from src/main/AndroidManifest.xml:19:17-69
	android:name
		ADDED from src/main/AndroidManifest.xml:19:25-66
category#android.intent.category.LAUNCHER
ADDED from src/main/AndroidManifest.xml:20:17-77
	android:name
		ADDED from src/main/AndroidManifest.xml:20:27-74
category#com.google.intent.category.CARDBOARD
ADDED from src/main/AndroidManifest.xml:21:17-81
	android:name
		ADDED from src/main/AndroidManifest.xml:21:27-78
uses-permission#android.permission.INTERNET
ADDED from src/main/AndroidManifest.xml:27:5-67
	android:name
		ADDED from src/main/AndroidManifest.xml:27:22-64
uses-permission#android.permission.READ_EXTERNAL_STORAGE
ADDED from src/main/AndroidManifest.xml:28:5-80
	android:name
		ADDED from src/main/AndroidManifest.xml:28:22-77